<?xml version="1.0" encoding="UTF-8"?>
<!-- Generated by org.testng.reporters.JUnitXMLReporter -->
<testsuite hostname="Siva-VAIO" ignored="1" name="Groups_Test" tests="2" failures="0" timestamp="30 Mar 2020 21:49:07 GMT" time="0.006" errors="0">
  <testcase name="Benz" time="0.002" classname="TestNGDemoPack.TestNGdemo3"/>
  <testcase name="Nissan" time="0.001" classname="TestNGDemoPack.TestNGdemo3"/>
  <testcase name="VolvoCar" time="0.0" classname="TestNGDemoPack.TestNGdemo3">
    <ignored/>
  </testcase> <!-- VolvoCar -->
</testsuite> <!-- Groups_Test -->
