<?xml version="1.0" encoding="UTF-8"?>
<!-- Generated by org.testng.reporters.JUnitXMLReporter -->
<testsuite hostname="Siva-VAIO" ignored="0" name="Regression_Test" tests="3" failures="0" timestamp="30 Mar 2020 21:56:56 GMT" time="0.011" errors="0">
  <testcase name="CarLoan" time="0.001" classname="TestNGDemoPack.TestNGdemo2"/>
  <testcase name="MobileLoan" time="0.001" classname="TestNGDemoPack.TestNGdemo2"/>
  <testcase name="SchoolLoan" time="0.001" classname="TestNGDemoPack.TestNGdemo2"/>
</testsuite> <!-- Regression_Test -->
