<?xml version="1.0" encoding="UTF-8"?>
<!-- Generated by org.testng.reporters.JUnitXMLReporter -->
<testsuite hostname="Siva-VAIO" ignored="0" name="Test" tests="4" failures="0" timestamp="30 Mar 2020 18:01:44 GMT" time="0.056" errors="0">
  <testcase name="Test2" time="0.006" classname="TestNGDemoPack.TestNGdemo1"/>
  <testcase name="Test3" time="0.002" classname="TestNGDemoPack.TestNGdemo1"/>
  <testcase name="Test4" time="0.002" classname="TestNGDemoPack.TestNGdemo1"/>
  <testcase name="Test2" time="0.001" classname="TestNGDemoPack.TestNGdemo2"/>
</testsuite> <!-- Test -->
