<?xml version="1.0" encoding="UTF-8"?>
<testng-results skipped="0" failed="0" ignored="0" total="1" passed="1">
  <reporter-output>
  </reporter-output>
  <suite name="Default suite" duration-ms="134" started-at="2020-04-01T03:44:29Z" finished-at="2020-04-01T03:44:29Z">
    <groups>
    </groups>
    <test name="Default test" duration-ms="134" started-at="2020-04-01T03:44:29Z" finished-at="2020-04-01T03:44:29Z">
      <class name="log4j.log4jdemo">
        <test-method status="PASS" signature="log4jmethod()[pri:0, instance:log4j.log4jdemo@4e7dc304]" name="log4jmethod" duration-ms="104" started-at="2020-04-01T03:44:29Z" finished-at="2020-04-01T03:44:29Z">
          <reporter-output>
          </reporter-output>
        </test-method> <!-- log4jmethod -->
      </class> <!-- log4j.log4jdemo -->
    </test> <!-- Default test -->
  </suite> <!-- Default suite -->
</testng-results>
